<?xml version="1.0" encoding="UTF-8"?>
<!-- Generated by org.testng.reporters.JUnitReportReporter -->
<testsuite hostname="LAPTOP-GTV3F5T9" failures="0" tests="1" name="ProTrainingTech.AutomationTrainingProgram.Browser" time="4.255" errors="0" timestamp="2022-05-16T20:46:52 EDT" skipped="0">
  <testcase classname="ProTrainingTech.AutomationTrainingProgram.Browser" name="f" time="4.255"/>
  <system-out/>
</testsuite> <!-- ProTrainingTech.AutomationTrainingProgram.Browser -->
