<?xml version="1.0" encoding="UTF-8"?>
<!-- Generated by org.testng.reporters.JUnitReportReporter -->
<testsuite hostname="LAPTOP-GTV3F5T9" failures="0" tests="2" name="ProTrainingTech.AutomationTrainingProgram.NewTestClass" time="0.009" errors="0" timestamp="2022-05-09T18:26:49 EDT" skipped="0">
  <testcase classname="ProTrainingTech.AutomationTrainingProgram.NewTestClass" name="f" time="0.001"/>
  <system-out/>
  <testcase classname="ProTrainingTech.AutomationTrainingProgram.NewTestClass" name="G" time="0.008"/>
  <system-out/>
</testsuite> <!-- ProTrainingTech.AutomationTrainingProgram.NewTestClass -->
