<?xml version="1.0" encoding="UTF-8"?>
<!-- Generated by org.testng.reporters.JUnitReportReporter -->
<testsuite hostname="LAPTOP-GTV3F5T9" failures="0" tests="1" name="ProTrainingTech.AutomationTrainingProgram.SignUpTwitter" time="4.264" errors="0" timestamp="2022-05-09T18:12:45 EDT" skipped="0">
  <testcase classname="ProTrainingTech.AutomationTrainingProgram.SignUpTwitter" name="f" time="4.264"/>
  <system-out/>
</testsuite> <!-- ProTrainingTech.AutomationTrainingProgram.SignUpTwitter -->
