<?xml version="1.0" encoding="UTF-8"?>
<!-- Generated by org.testng.reporters.JUnitReportReporter -->
<testsuite hostname="LAPTOP-GTV3F5T9" failures="0" tests="1" name="ProTrainingTech.AutomationTrainingProgram.HomeDepot" time="10.136" errors="0" timestamp="2022-05-09T18:13:27 EDT" skipped="0">
  <testcase classname="ProTrainingTech.AutomationTrainingProgram.HomeDepot" name="f" time="10.136"/>
  <system-out/>
</testsuite> <!-- ProTrainingTech.AutomationTrainingProgram.HomeDepot -->
