<?xml version="1.0" encoding="UTF-8"?>
<!-- Generated by org.testng.reporters.JUnitReportReporter -->
<testsuite hostname="LAPTOP-GTV3F5T9" failures="0" tests="1" name="ProTrainingTech.AutomationTrainingProgram.BrowsingFacebook" time="4.213" errors="0" timestamp="2022-05-16T19:46:27 EDT" skipped="0">
  <testcase classname="ProTrainingTech.AutomationTrainingProgram.BrowsingFacebook" name="f" time="4.213"/>
  <system-out/>
</testsuite> <!-- ProTrainingTech.AutomationTrainingProgram.BrowsingFacebook -->
